#! /usr/local/Cellar/icarus-verilog/12.0/bin/vvp
:ivl_version "12.0 (stable)";
:ivl_delay_selection "TYPICAL";
:vpi_time_precision + 0;
:vpi_module "/usr/local/Cellar/icarus-verilog/12.0/lib/ivl/system.vpi";
:vpi_module "/usr/local/Cellar/icarus-verilog/12.0/lib/ivl/vhdl_sys.vpi";
:vpi_module "/usr/local/Cellar/icarus-verilog/12.0/lib/ivl/vhdl_textio.vpi";
:vpi_module "/usr/local/Cellar/icarus-verilog/12.0/lib/ivl/v2005_math.vpi";
:vpi_module "/usr/local/Cellar/icarus-verilog/12.0/lib/ivl/va_math.vpi";
S_0x7fb6ab304570 .scope module, "test" "test" 2 1;
 .timescale 0 0;
v0x7fb6ab31af30_0 .var "clk", 0 0;
v0x7fb6ab31afd0_0 .net "ws_data", 0 0, v0x7fb6ab31ad90_0;  1 drivers
v0x7fb6ab31b080_0 .net "ws_data_n", 0 0, L_0x7fb6ab31b150;  1 drivers
S_0x7fb6ab3046e0 .scope module, "uut" "top" 2 20, 3 3 0, S_0x7fb6ab304570;
 .timescale 0 0;
    .port_info 0 /INPUT 1 "clk";
    .port_info 1 /OUTPUT 1 "ws_data";
    .port_info 2 /OUTPUT 1 "ws_data_n";
L_0x7fb6ab31b150 .functor NOT 1, v0x7fb6ab31ad90_0, C4<0>, C4<0>, C4<0>;
v0x7fb6ab306ab0_0 .net "clk", 0 0, v0x7fb6ab31af30_0;  1 drivers
v0x7fb6ab31ace0_0 .var "state", 1 0;
v0x7fb6ab31ad90_0 .var "ws_data", 0 0;
v0x7fb6ab31ae40_0 .net "ws_data_n", 0 0, L_0x7fb6ab31b150;  alias, 1 drivers
E_0x7fb6ab309810 .event posedge, v0x7fb6ab306ab0_0;
    .scope S_0x7fb6ab3046e0;
T_0 ;
    %pushi/vec4 0, 0, 2;
    %store/vec4 v0x7fb6ab31ace0_0, 0, 2;
    %end;
    .thread T_0;
    .scope S_0x7fb6ab3046e0;
T_1 ;
    %pushi/vec4 0, 0, 1;
    %store/vec4 v0x7fb6ab31ad90_0, 0, 1;
    %end;
    .thread T_1;
    .scope S_0x7fb6ab3046e0;
T_2 ;
    %wait E_0x7fb6ab309810;
    %load/vec4 v0x7fb6ab31ace0_0;
    %dup/vec4;
    %pushi/vec4 0, 0, 2;
    %cmp/u;
    %jmp/1 T_2.0, 6;
    %dup/vec4;
    %pushi/vec4 1, 0, 2;
    %cmp/u;
    %jmp/1 T_2.1, 6;
    %dup/vec4;
    %pushi/vec4 2, 0, 2;
    %cmp/u;
    %jmp/1 T_2.2, 6;
    %jmp T_2.3;
T_2.0 ;
    %pushi/vec4 1, 0, 1;
    %assign/vec4 v0x7fb6ab31ad90_0, 0;
    %pushi/vec4 1, 0, 2;
    %assign/vec4 v0x7fb6ab31ace0_0, 0;
    %jmp T_2.3;
T_2.1 ;
    %pushi/vec4 1, 0, 1;
    %assign/vec4 v0x7fb6ab31ad90_0, 0;
    %pushi/vec4 2, 0, 2;
    %assign/vec4 v0x7fb6ab31ace0_0, 0;
    %jmp T_2.3;
T_2.2 ;
    %pushi/vec4 0, 0, 1;
    %assign/vec4 v0x7fb6ab31ad90_0, 0;
    %pushi/vec4 0, 0, 2;
    %assign/vec4 v0x7fb6ab31ace0_0, 0;
    %jmp T_2.3;
T_2.3 ;
    %pop/vec4 1;
    %jmp T_2;
    .thread T_2;
    .scope S_0x7fb6ab304570;
T_3 ;
    %pushi/vec4 0, 0, 1;
    %store/vec4 v0x7fb6ab31af30_0, 0, 1;
    %end;
    .thread T_3;
    .scope S_0x7fb6ab304570;
T_4 ;
    %vpi_call 2 8 "$dumpfile", "test.vcd" {0 0 0};
    %vpi_call 2 9 "$dumpvars", 32'sb00000000000000000000000000000000, v0x7fb6ab31afd0_0, v0x7fb6ab31b080_0 {0 0 0};
    %delay 20, 0;
    %delay 10, 0;
    %delay 2, 0;
    %pushi/vec4 20, 0, 32;
T_4.0 %dup/vec4;
    %pushi/vec4 0, 0, 32;
    %cmp/s;
    %jmp/1xz T_4.1, 5;
    %jmp/1 T_4.1, 4;
    %pushi/vec4 1, 0, 32;
    %sub;
    %jmp T_4.0;
T_4.1 ;
    %pop/vec4 1;
    %vpi_call 2 17 "$finish" {0 0 0};
    %end;
    .thread T_4;
    .scope S_0x7fb6ab304570;
T_5 ;
    %delay 1, 0;
    %load/vec4 v0x7fb6ab31af30_0;
    %nor/r;
    %store/vec4 v0x7fb6ab31af30_0, 0, 1;
    %jmp T_5;
    .thread T_5;
# The file index is used to find the file name in the following table.
:file_names 4;
    "N/A";
    "<interactive>";
    "peter_tb.v";
    "top.v";
